  Enemy.cpp
  Engine.cpp
D:\AluCiclesGS2\motorPRVI\JocHeroiEnemic - simple\JocHeroiEnemic\Engine.cpp(7,53): warning C4244: 'argumento': conversión de 'T' a 'unsigned int'; posible pérdida de datos
D:\AluCiclesGS2\motorPRVI\JocHeroiEnemic - simple\JocHeroiEnemic\Engine.cpp(7,53): warning C4244:         with
D:\AluCiclesGS2\motorPRVI\JocHeroiEnemic - simple\JocHeroiEnemic\Engine.cpp(7,53): warning C4244:         [
D:\AluCiclesGS2\motorPRVI\JocHeroiEnemic - simple\JocHeroiEnemic\Engine.cpp(7,53): warning C4244:             T=float
D:\AluCiclesGS2\motorPRVI\JocHeroiEnemic - simple\JocHeroiEnemic\Engine.cpp(7,53): warning C4244:         ]
D:\AluCiclesGS2\motorPRVI\JocHeroiEnemic - simple\JocHeroiEnemic\Engine.cpp(7,41): warning C4244: 'argumento': conversión de 'T' a 'unsigned int'; posible pérdida de datos
D:\AluCiclesGS2\motorPRVI\JocHeroiEnemic - simple\JocHeroiEnemic\Engine.cpp(7,41): warning C4244:         with
D:\AluCiclesGS2\motorPRVI\JocHeroiEnemic - simple\JocHeroiEnemic\Engine.cpp(7,41): warning C4244:         [
D:\AluCiclesGS2\motorPRVI\JocHeroiEnemic - simple\JocHeroiEnemic\Engine.cpp(7,41): warning C4244:             T=float
D:\AluCiclesGS2\motorPRVI\JocHeroiEnemic - simple\JocHeroiEnemic\Engine.cpp(7,41): warning C4244:         ]
  Hero.cpp
D:\AluCiclesGS2\motorPRVI\JocHeroiEnemic - simple\JocHeroiEnemic\Hero.cpp(14,73): warning C4244: 'argumento': conversión de 'T' a 'float'; posible pérdida de datos
D:\AluCiclesGS2\motorPRVI\JocHeroiEnemic - simple\JocHeroiEnemic\Hero.cpp(14,73): warning C4244:         with
D:\AluCiclesGS2\motorPRVI\JocHeroiEnemic - simple\JocHeroiEnemic\Hero.cpp(14,73): warning C4244:         [
D:\AluCiclesGS2\motorPRVI\JocHeroiEnemic - simple\JocHeroiEnemic\Hero.cpp(14,73): warning C4244:             T=unsigned int
D:\AluCiclesGS2\motorPRVI\JocHeroiEnemic - simple\JocHeroiEnemic\Hero.cpp(14,73): warning C4244:         ]
D:\AluCiclesGS2\motorPRVI\JocHeroiEnemic - simple\JocHeroiEnemic\Hero.cpp(14,46): warning C4244: 'argumento': conversión de 'T' a 'float'; posible pérdida de datos
D:\AluCiclesGS2\motorPRVI\JocHeroiEnemic - simple\JocHeroiEnemic\Hero.cpp(14,46): warning C4244:         with
D:\AluCiclesGS2\motorPRVI\JocHeroiEnemic - simple\JocHeroiEnemic\Hero.cpp(14,46): warning C4244:         [
D:\AluCiclesGS2\motorPRVI\JocHeroiEnemic - simple\JocHeroiEnemic\Hero.cpp(14,46): warning C4244:             T=unsigned int
D:\AluCiclesGS2\motorPRVI\JocHeroiEnemic - simple\JocHeroiEnemic\Hero.cpp(14,46): warning C4244:         ]
  JocHeroiEnemic.cpp
  Wall.cpp
  Generando código...
  JocHeroiEnemic.vcxproj -> D:\AluCiclesGS2\motorPRVI\JocHeroiEnemic - simple\Debug\JocHeroiEnemic.exe
